{"name": "Validate extension triggered on checkout with selected product -- @1.2 ", "status": "broken", "statusDetails": {"message": "selenium.common.exceptions.TimeoutException: Message: Unable to locate element ('id', 'reward-dialog')\n\n", "trace": "  File \"/Library/Frameworks/Python.framework/Versions/3.8/lib/python3.8/site-packages/behave/model.py\", line 1329, in run\n    match.run(runner.context)\n  File \"/Library/Frameworks/Python.framework/Versions/3.8/lib/python3.8/site-packages/behave/matchers.py\", line 98, in run\n    self.func(context, *args, **kwargs)\n  File \"features/steps/basic_steps.py\", line 54, in step_impl\n    extension_widget_page.verify_product(context.product)\n  File \"/Users/kardash/Developer/extension/features/pages/base_page.py\", line 18, in verify_product\n    self.on_this_page(self.DIALOG)\n  File \"/Users/kardash/Developer/extension/features/pages/base_page.py\", line 33, in on_this_page\n    self.get_element(locator)\n  File \"/Users/kardash/Developer/extension/features/pages/base_page.py\", line 24, in get_element\n    return WebDriverWait(self.driver, 10).until(expected_condition, message=f\"Unable to locate element {locator}\")\n  File \"/Library/Frameworks/Python.framework/Versions/3.8/lib/python3.8/site-packages/selenium/webdriver/support/wait.py\", line 80, in until\n    raise TimeoutException(message, screen, stacktrace)\n"}, "steps": [{"name": "Given I open page 'apple.com.invalid'", "status": "passed", "start": 1604411477257, "stop": 1604411478303}, {"name": "When I add to bag", "status": "passed", "start": 1604411478304, "stop": 1604411481633}, {"name": "When I open checkout page", "status": "passed", "start": 1604411481633, "stop": 1604411483442}, {"name": "When I verify extension has product", "status": "broken", "statusDetails": {"message": "selenium.common.exceptions.TimeoutException: Message: Unable to locate element ('id', 'reward-dialog')\n\n", "trace": "  File \"/Library/Frameworks/Python.framework/Versions/3.8/lib/python3.8/site-packages/behave/model.py\", line 1329, in run\n    match.run(runner.context)\n  File \"/Library/Frameworks/Python.framework/Versions/3.8/lib/python3.8/site-packages/behave/matchers.py\", line 98, in run\n    self.func(context, *args, **kwargs)\n  File \"features/steps/basic_steps.py\", line 54, in step_impl\n    extension_widget_page.verify_product(context.product)\n  File \"/Users/kardash/Developer/extension/features/pages/base_page.py\", line 18, in verify_product\n    self.on_this_page(self.DIALOG)\n  File \"/Users/kardash/Developer/extension/features/pages/base_page.py\", line 33, in on_this_page\n    self.get_element(locator)\n  File \"/Users/kardash/Developer/extension/features/pages/base_page.py\", line 24, in get_element\n    return WebDriverWait(self.driver, 10).until(expected_condition, message=f\"Unable to locate element {locator}\")\n  File \"/Library/Frameworks/Python.framework/Versions/3.8/lib/python3.8/site-packages/selenium/webdriver/support/wait.py\", line 80, in until\n    raise TimeoutException(message, screen, stacktrace)\n"}, "attachments": [{"name": "screenshot", "source": "1a9f935d-3e55-4335-83af-8495d3d4aa42-attachment.png", "type": "image/png"}], "start": 1604411483443, "stop": 1604411504480}], "parameters": [{"name": "website", "value": "apple.com.invalid"}], "start": 1604411477256, "stop": 1604411504480, "uuid": "c360aff6-3031-44a4-a298-bf9b14775519", "historyId": "9d9485e61bd7a67f3e1aa7c6ee2756eb", "labels": [{"name": "severity", "value": "normal"}, {"name": "tag", "value": "smoke"}, {"name": "feature", "value": "Crinkle"}, {"name": "framework", "value": "behave"}, {"name": "language", "value": "cpython3"}]}